Running: C:\Xilinx\14.4\ISE_DS\ISE\bin\nt64\unwrapped\fuse.exe -intstyle ise -incremental -lib unisims_ver -lib unimacro_ver -lib xilinxcorelib_ver -o D:/LDLabFinalProject/testTest_isim_beh.exe -prj D:/LDLabFinalProject/testTest_beh.prj testTest work.glbl 
ISim P.49d (signature 0x7708f090)
Number of CPUs detected in this system: 8
Turning on mult-threading, number of parallel sub-compilation jobs: 16 
Determining compilation order of HDL files
Analyzing Verilog file "D:/LDLabFinalProject/sign_extender.v" into library work
Analyzing Verilog file "D:/LDLabFinalProject/register.v" into library work
Analyzing Verilog file "D:/LDLabFinalProject/PC.v" into library work
Analyzing Verilog file "D:/LDLabFinalProject/out.v" into library work
Analyzing Verilog file "D:/LDLabFinalProject/data_memory.v" into library work
Analyzing Verilog file "D:/LDLabFinalProject/control.v" into library work
Analyzing Verilog file "D:/LDLabFinalProject/clock_divider.v" into library work
Analyzing Verilog file "D:/LDLabFinalProject/ALU.v" into library work
Analyzing Verilog file "D:/LDLabFinalProject/instruction.v" into library work
Analyzing Verilog file "D:/LDLabFinalProject/datapath.v" into library work
Analyzing Verilog file "D:/LDLabFinalProject/test.v" into library work
Analyzing Verilog file "D:/LDLabFinalProject/testTest.v" into library work
Analyzing Verilog file "C:/Xilinx/14.4/ISE_DS/ISE//verilog/src/glbl.v" into library work
Starting static elaboration
Completed static elaboration
Compiling module PC
Compiling module clock_divider
Compiling module ALU
Compiling module control
Compiling module register
Compiling module data_memory
Compiling module sign_extender
Compiling module decoder7seg
Compiling module out
Compiling module datapath
Compiling module external
Compiling module test
Compiling module testTest
Compiling module glbl
Time Resolution for simulation is 1ps.
Waiting for 3 sub-compilation(s) to finish...
Compiled 14 Verilog Units
Built simulation executable D:/LDLabFinalProject/testTest_isim_beh.exe
Fuse Memory Usage: 28740 KB
Fuse CPU Usage: 483 ms
